<?xml version="1.0" encoding="UTF-8"?>
<!-- Generated by org.testng.reporters.JUnitXMLReporter -->
<testsuite ignored="8" hostname="MSI" failures="1" tests="1" name="Test" time="32.893" errors="0" timestamp="2024-09-25T19:27:44 IST">
  <testcase classname="QAlegendTestCases.TestCases" name="productsPage" time="17.344">
    <failure type="org.openqa.selenium.NoSuchElementException" message="Cannot locate option with text: Perfumes
For documentation on this error, please visit: https://www.selenium.dev/documentation/webdriver/troubleshooting/errors#no-such-element-exception
Build info: version: &amp;apos;4.24.0&amp;apos;, revision: &amp;apos;748ffc9bc3&amp;apos;
System info: os.name: &amp;apos;Windows 11&amp;apos;, os.arch: &amp;apos;amd64&amp;apos;, os.version: &amp;apos;10.0&amp;apos;, java.version: &amp;apos;17.0.9&amp;apos;
Driver info: driver.version: unknown">
      <![CDATA[org.openqa.selenium.NoSuchElementException: Cannot locate option with text: Perfumes
For documentation on this error, please visit: https://www.selenium.dev/documentation/webdriver/troubleshooting/errors#no-such-element-exception
Build info: version: '4.24.0', revision: '748ffc9bc3'
System info: os.name: 'Windows 11', os.arch: 'amd64', os.version: '10.0', java.version: '17.0.9'
Driver info: driver.version: unknown
at org.openqa.selenium.support.ui.Select.selectByVisibleText(Select.java:153)
at Utilities.PageUtilities.dropdownSelectByVisibleText(PageUtilities.java:71)
at PageClasses.QAlegendProductsPage.insertProductsDetails(QAlegendProductsPage.java:78)
at QAlegendTestCases.TestCases.productsPage(TestCases.java:201)
at java.base/java.util.ArrayList.forEach(ArrayList.java:1511)
... Removed 27 stack frames]]>
    </failure>
  </testcase> <!-- productsPage -->
  <testcase classname="QAlegendTestCases.TestCases" name="customersPage" time="0.0">
    <ignored/>
  </testcase> <!-- customersPage -->
  <testcase classname="QAlegendTestCases.TestCases" name="addRole" time="0.0">
    <ignored/>
  </testcase> <!-- addRole -->
  <testcase classname="QAlegendTestCases.TestCases" name="customersGroupsPage" time="0.0">
    <ignored/>
  </testcase> <!-- customersGroupsPage -->
  <testcase classname="QAlegendTestCases.TestCases" name="contactsPage" time="0.0">
    <ignored/>
  </testcase> <!-- contactsPage -->
  <testcase classname="QAlegendTestCases.TestCases" name="createUser" time="0.0">
    <ignored/>
  </testcase> <!-- createUser -->
  <testcase classname="QAlegendTestCases.TestCases" name="variationPage" time="0.0">
    <ignored/>
  </testcase> <!-- variationPage -->
  <testcase classname="QAlegendTestCases.TestCases" name="brandsPage" time="0.0">
    <ignored/>
  </testcase> <!-- brandsPage -->
  <testcase classname="QAlegendTestCases.TestCases" name="commissionPage" time="0.0">
    <ignored/>
  </testcase> <!-- commissionPage -->
</testsuite> <!-- Test -->
